This is LuaTeX, Version 1.10.0 (TeX Live 2019/Arch Linux)  (format=lualatex 2020.2.25)  9 MAR 2020 22:28
 system commands enabled.
**per-annum.tex
(./per-annum.tex
LaTeX2e <2019-10-01> patch level 1
Lua module: luaotfload-main 2019-09-13 3.00 luaotfload entry point
Lua module: luaotfload-init 2019-09-13 3.00 luaotfload submodule / initializatio
n
Lua module: lualibs 2019-08-11 2.67 ConTeXt Lua standard libraries.
Lua module: lualibs-extended 2019-08-11 2.67 ConTeXt Lua libraries -- extended c
ollection.
Lua module: luaotfload-log 2019-09-13 3.00 luaotfload submodule / logging
Lua module: luaotfload-parsers 2019-09-13 3.00 luaotfload submodule / filelist
Lua module: luaotfload-configuration 2019-09-13 3.00 luaotfload submodule / conf
ig file reader
luaotfload | conf : Root cache directory is /home/scott/.texlive/texmf-var/luate
x-cache/generic/names.
luaotfload | init : Loading fontloader “fontloader-2019-08-11.lua” from kpse
-resolved path “/usr/share/texmf-dist/tex/luatex/luaotfload/fontloader-2019-08
-11.lua”.
Lua-only attribute luaotfload@state = 2
Lua-only attribute luaotfload@noligature = 3
Lua-only attribute luaotfload@syllabe = 4
luaotfload | init : Context OpenType loader version “3.109”
Inserting `luaotfload.node_processor' at position 1 in `pre_linebreak_filter'.
Inserting `luaotfload.node_processor' at position 1 in `hpack_filter'.
Lua module: luaotfload-loaders 2019-09-13 3.00 luaotfload submodule / callback h
andling
Inserting `luaotfload.define_font' at position 1 in `define_font'.
Lua module: luaotfload-database 2019-09-13 3.00 luaotfload submodule / database
Lua module: luaotfload-unicode 2019-09-13 3.00 luaotfload submodule / Unicode he
lpers
Lua module: luaotfload-colors 2019-09-13 3.00 luaotfload submodule / color
Lua-only attribute luaotfload_color_attribute = 5
Lua module: luaotfload-resolvers 2019-09-13 3.00 luaotfload submodule / resolver
s
luaotfload | conf : Root cache directory is /home/scott/.texlive/texmf-var/luate
x-cache/generic/names.
Lua module: luaotfload-features 2019-09-13 3.00 luaotfload submodule / features
Lua module: luaotfload-letterspace 2019-09-13 3.00 luaotfload submodule / color
Lua module: luaotfload-embolden 2019-09-13 3.00 luaotfload submodule / color
Lua module: luaotfload-notdef 2019-09-13 3.00 luaotfload submodule / color
Lua module: luaotfload-auxiliary 2019-09-13 3.00 luaotfload submodule / auxiliar
y functions
Inserting `luaotfload.aux.set_sscale_dimens' at position 1 in `luaotfload.patch_
font'.
Inserting `luaotfload.aux.patch_cambria_domh' at position 2 in `luaotfload.patch
_font'.
Inserting `luaotfload.aux.fixup_fontdata' at position 1 in `luaotfload.patch_fon
t_unsafe'.
Inserting `luaotfload.aux.set_capheight' at position 3 in `luaotfload.patch_font
'.
Inserting `luaotfload.aux.set_xheight' at position 4 in `luaotfload.patch_font'.
Lua module: luaotfload-multiscript 2019-09-13 3.00 luaotfload submodule / multis
cript
Inserting `luaotfload.rewrite_fontname' at position 5 in `luaotfload.patch_font'
.
luaotfload | main : initialization completed in 0.121 seconds
(/usr/share/texmf-dist/tex/latex/base/article.cls
Document Class: article 2019/08/27 v1.4j Standard LaTeX document class
(/usr/share/texmf-dist/tex/latex/base/size11.clo
File: size11.clo 2019/08/27 v1.4j Standard LaTeX file (size option)
luaotfload | db : Font names database loaded from /home/scott/.texlive/texmf-var
/luatex-cache/generic/names/luaotfload-names.luc)
\c@part=\count80
\c@section=\count81
\c@subsection=\count82
\c@subsubsection=\count83
\c@paragraph=\count84
\c@subparagraph=\count85
\c@figure=\count86
\c@table=\count87
\abovecaptionskip=\skip41
\belowcaptionskip=\skip42
\bibindent=\dimen102
)
(/usr/share/texmf-dist/tex/latex/fontspec/fontspec.sty
(/usr/share/texmf-dist/tex/latex/l3packages/xparse/xparse.sty
(/usr/share/texmf-dist/tex/latex/l3kernel/expl3.sty
Package: expl3 2019-10-28 L3 programming layer (loader) 

(/usr/share/texmf-dist/tex/latex/l3kernel/expl3-code.tex
Package: expl3 2019-10-28 L3 programming layer (code)
\c_max_int=\count88
\l_tmpa_int=\count89
\l_tmpb_int=\count90
\g_tmpa_int=\count91
\g_tmpb_int=\count92
\l__seq_internal_a_int=\count93
\l__seq_internal_b_int=\count94
\g__kernel_prg_map_int=\count95
\c__ior_term_noprompt_ior=\count96
\c_log_iow=\count97
\l_iow_line_count_int=\count98
\l__iow_line_target_int=\count99
\l__iow_one_indent_int=\count100
\l__iow_indent_int=\count101
\c_zero_dim=\dimen103
\c_max_dim=\dimen104
\l_tmpa_dim=\dimen105
\l_tmpb_dim=\dimen106
\g_tmpa_dim=\dimen107
\g_tmpb_dim=\dimen108
\c_zero_skip=\skip43
\c_max_skip=\skip44
\l_tmpa_skip=\skip45
\l_tmpb_skip=\skip46
\g_tmpa_skip=\skip47
\g_tmpb_skip=\skip48
\c_zero_muskip=\muskip10
\c_max_muskip=\muskip11
\l_tmpa_muskip=\muskip12
\l_tmpb_muskip=\muskip13
\g_tmpa_muskip=\muskip14
\g_tmpb_muskip=\muskip15
\l_keys_choice_int=\count102
\l__intarray_loop_int=\count103
\c__intarray_sp_dim=\dimen109
\g__intarray_font_int=\count104
\c__fp_leading_shift_int=\count105
\c__fp_middle_shift_int=\count106
\c__fp_trailing_shift_int=\count107
\c__fp_big_leading_shift_int=\count108
\c__fp_big_middle_shift_int=\count109
\c__fp_big_trailing_shift_int=\count110
\c__fp_Bigg_leading_shift_int=\count111
\c__fp_Bigg_middle_shift_int=\count112
\c__fp_Bigg_trailing_shift_int=\count113
\g__fp_array_int=\count114
\l__fp_array_loop_int=\count115
\l__sort_length_int=\count116
\l__sort_min_int=\count117
\l__sort_top_int=\count118
\l__sort_max_int=\count119
\l__sort_true_max_int=\count120
\l__sort_block_int=\count121
\l__sort_begin_int=\count122
\l__sort_end_int=\count123
\l__sort_A_int=\count124
\l__sort_B_int=\count125
\l__sort_C_int=\count126
\l__str_internal_int=\count127
\l__tl_analysis_normal_int=\count128
\l__tl_analysis_index_int=\count129
\l__tl_analysis_nesting_int=\count130
\l__tl_analysis_type_int=\count131
\l__regex_internal_a_int=\count132
\l__regex_internal_b_int=\count133
\l__regex_internal_c_int=\count134
\l__regex_balance_int=\count135
\l__regex_group_level_int=\count136
\l__regex_mode_int=\count137
\c__regex_cs_in_class_mode_int=\count138
\c__regex_cs_mode_int=\count139
\l__regex_catcodes_int=\count140
\l__regex_default_catcodes_int=\count141
\c__regex_catcode_L_int=\count142
\c__regex_catcode_O_int=\count143
\c__regex_catcode_A_int=\count144
\c__regex_all_catcodes_int=\count145
\l__regex_show_lines_int=\count146
\l__regex_min_state_int=\count147
\l__regex_max_state_int=\count148
\l__regex_left_state_int=\count149
\l__regex_right_state_int=\count150
\l__regex_capturing_group_int=\count151
\l__regex_min_pos_int=\count152
\l__regex_max_pos_int=\count153
\l__regex_curr_pos_int=\count154
\l__regex_start_pos_int=\count155
\l__regex_success_pos_int=\count156
\l__regex_curr_char_int=\count157
\l__regex_curr_catcode_int=\count158
\l__regex_last_char_int=\count159
\l__regex_case_changed_char_int=\count160
\l__regex_curr_state_int=\count161
\l__regex_step_int=\count162
\l__regex_min_active_int=\count163
\l__regex_max_active_int=\count164
\l__regex_replacement_csnames_int=\count165
\l__regex_match_count_int=\count166
\l__regex_min_submatch_int=\count167
\l__regex_submatch_int=\count168
\l__regex_zeroth_submatch_int=\count169
\g__regex_trace_regex_int=\count170
\c_empty_box=\box27
\l_tmpa_box=\box28
\l_tmpb_box=\box29
\g_tmpa_box=\box30
\g_tmpb_box=\box31
\l__box_top_dim=\dimen110
\l__box_bottom_dim=\dimen111
\l__box_left_dim=\dimen112
\l__box_right_dim=\dimen113
\l__box_top_new_dim=\dimen114
\l__box_bottom_new_dim=\dimen115
\l__box_left_new_dim=\dimen116
\l__box_right_new_dim=\dimen117
\l__box_internal_box=\box32
\l__coffin_internal_box=\box33
\l__coffin_internal_dim=\dimen118
\l__coffin_offset_x_dim=\dimen119
\l__coffin_offset_y_dim=\dimen120
\l__coffin_x_dim=\dimen121
\l__coffin_y_dim=\dimen122
\l__coffin_x_prime_dim=\dimen123
\l__coffin_y_prime_dim=\dimen124
\c_empty_coffin=\box34
\l__coffin_aligned_coffin=\box35
\l__coffin_aligned_internal_coffin=\box36
\l_tmpa_coffin=\box37
\l_tmpb_coffin=\box38
\g_tmpa_coffin=\box39
\g_tmpb_coffin=\box40
\l__coffin_bounding_shift_dim=\dimen125
\l__coffin_left_corner_dim=\dimen126
\l__coffin_right_corner_dim=\dimen127
\l__coffin_bottom_corner_dim=\dimen128
\l__coffin_top_corner_dim=\dimen129
\l__coffin_scaled_total_height_dim=\dimen130
\l__coffin_scaled_width_dim=\dimen131
\c__coffin_empty_coffin=\box41
\l__coffin_display_coffin=\box42
\l__coffin_display_coord_coffin=\box43
\l__coffin_display_pole_coffin=\box44
\l__coffin_display_offset_dim=\dimen132
\l__coffin_display_x_dim=\dimen133
\l__coffin_display_y_dim=\dimen134
\g__char_data_ior=\read1

(/usr/share/texmf-dist/tex/latex/l3kernel/l3deprecation.def
File: l3deprecation.def 2019-04-06 v L3 Deprecated functions
))
(/usr/share/texmf-dist/tex/latex/l3backend/l3backend-pdfmode.def
File: l3backend-pdfmode.def 2019-04-06 L3 backend support: PDF mode
\l__kernel_color_stack_int=\count171
\l__pdf_internal_box=\box45
))
Package: xparse 2019-10-11 L3 Experimental document command parser
\l__xparse_current_arg_int=\count172
\g__xparse_grabber_int=\count173
\l__xparse_m_args_int=\count174
\l__xparse_v_nesting_int=\count175
)
Package: fontspec 2019/10/19 v2.7d Font selection for XeLaTeX and LuaLaTeX
Lua module: fontspec 2019/10/19 2.7d Font selection for XeLaTeX and LuaLaTeX
(/usr/share/texmf-dist/tex/latex/fontspec/fontspec-luatex.sty
Package: fontspec-luatex 2019/10/19 v2.7d Font selection for XeLaTeX and LuaLaTe
X
\l__fontspec_script_int=\count176
\l__fontspec_language_int=\count177
\l__fontspec_strnum_int=\count178
\l__fontspec_tmp_int=\count179
\l__fontspec_tmpa_int=\count180
\l__fontspec_tmpb_int=\count181
\l__fontspec_tmpc_int=\count182
\l__fontspec_em_int=\count183
\l__fontspec_emdef_int=\count184
\l__fontspec_strong_int=\count185
\l__fontspec_strongdef_int=\count186
\l__fontspec_tmpa_dim=\dimen135
\l__fontspec_tmpb_dim=\dimen136
\l__fontspec_tmpc_dim=\dimen137

(/usr/share/texmf-dist/tex/latex/base/fontenc.sty
Package: fontenc 2018/08/11 v2.0j Standard LaTeX package

(/usr/share/texmf-dist/tex/latex/base/tuenc.def
File: tuenc.def 2018/08/11 v2.0j Standard LaTeX file
LaTeX Font Info:    Redeclaring font encoding TU on input line 82.
))
(/usr/share/texmf-dist/tex/latex/fontspec/fontspec.cfg)
LaTeX Info: Redefining \itshape on input line 3785.
LaTeX Info: Redefining \slshape on input line 3790.
LaTeX Info: Redefining \scshape on input line 3795.
LaTeX Info: Redefining \upshape on input line 3800.
LaTeX Info: Redefining \em on input line 3830.
LaTeX Info: Redefining \emph on input line 3855.
))
(/usr/share/texmf-dist/tex/latex/base/inputenc.sty
Package: inputenc 2018/08/11 v1.3c Input encoding file
\inpenc@prehook=\toks14
\inpenc@posthook=\toks15


Package inputenc Warning: inputenc package ignored with utf8 based engines.

) (/usr/share/texmf-dist/tex/latex/mathdesign/mathdesign.sty
Package: mathdesign 2013/08/29 v2.31 Math Design Project

(/usr/share/texmf-dist/tex/latex/graphics/keyval.sty
Package: keyval 2014/10/28 v1.15 key=value parser (DPC)
\KV@toks@=\toks16
)
(/usr/share/texmf-dist/tex/latex/base/ifthen.sty
Package: ifthen 2014/09/29 v1.1c Standard LaTeX ifthen package (DPC)
)
(/usr/share/texmf-dist/tex/latex/mathdesign/mdbch/mdbch.cfg)
(/usr/share/texmf-dist/tex/latex/mathdesign/mdbch/mdbch.sty
Package: mdbch 2013/08/29 v2.31 bitstream bitstream charter + mdbch (Math Design
 Project)

(/usr/share/texmf-dist/tex/latex/mathdesign/mdfont.def
File: mdfont.def 2013/08/29 v2.31 (Math Design Project)
)
(/usr/share/texmf-dist/tex/latex/mathdesign/mdsffont.def
File: mdsffont.def 2013/08/29 v2.31 (Math Design Project)
)
(/usr/share/texmf-dist/tex/latex/mathdesign/mdttfont.def
File: mdttfont.def 2013/08/29 v2.31 (Math Design Project)
)
\symmdcal=\mathgroup4
LaTeX Font Info:    Overwriting symbol font `mdcal' in version `bold'
(Font)                  OMS/mdbch/m/n --> OMS/mdbch/b/n on input line 97.
\symmdscr=\mathgroup5
LaTeX Font Info:    Overwriting symbol font `mdscr' in version `bold'
(Font)                  OMS/mdbch/m/n --> OMS/mdbch/b/n on input line 103.
LaTeX Font Info:    Overwriting math alphabet `\mathfrak' in version `bold'
(Font)                  U/xmdeuf/m/n --> U/xmdeuf/b/n on input line 110.
LaTeX Font Info:    Overwriting symbol font `operators' in version `normal'
(Font)                  OT1/cmr/m/n --> OT1/mdbch/m/n on input line 121.
LaTeX Font Info:    Overwriting symbol font `letters' in version `normal'
(Font)                  OML/cmm/m/it --> OML/mdbch/m/it on input line 122.
LaTeX Font Info:    Overwriting symbol font `symbols' in version `normal'
(Font)                  OMS/cmsy/m/n --> OMS/mdbch/m/n on input line 123.
LaTeX Font Info:    Overwriting symbol font `largesymbols' in version `normal'
(Font)                  OMX/cmex/m/n --> OMX/mdbch/m/n on input line 124.
LaTeX Font Info:    Overwriting symbol font `operators' in version `bold'
(Font)                  OT1/cmr/bx/n --> OT1/mdbch/b/n on input line 126.
LaTeX Font Info:    Overwriting symbol font `letters' in version `bold'
(Font)                  OML/cmm/b/it --> OML/mdbch/b/it on input line 127.
LaTeX Font Info:    Overwriting symbol font `symbols' in version `bold'
(Font)                  OMS/cmsy/b/n --> OMS/mdbch/b/n on input line 128.
LaTeX Font Info:    Overwriting symbol font `largesymbols' in version `bold'
(Font)                  OMX/cmex/m/n --> OMX/mdbch/b/n on input line 129.
LaTeX Font Info:    Overwriting math alphabet `\mathrm' in version `normal'
(Font)                  OT1/mdbch/m/n --> TU/mdbch/m/n on input line 131.
LaTeX Font Info:    Overwriting math alphabet `\mathbf' in version `normal'
(Font)                  OT1/cmr/bx/n --> TU/mdbch/b/n on input line 132.
LaTeX Font Info:    Overwriting math alphabet `\mathit' in version `normal'
(Font)                  OT1/cmr/m/it --> TU/mdbch/m/it on input line 133.
LaTeX Font Info:    Overwriting math alphabet `\mathsf' in version `normal'
(Font)                  OT1/cmss/m/n --> TU/lmss/m/n on input line 134.
LaTeX Font Info:    Overwriting math alphabet `\mathtt' in version `normal'
(Font)                  OT1/cmtt/m/n --> TU/lmtt/m/n on input line 135.
LaTeX Font Info:    Overwriting math alphabet `\mathrm' in version `bold'
(Font)                  OT1/mdbch/b/n --> TU/mdbch/b/n on input line 137.
LaTeX Font Info:    Overwriting math alphabet `\mathbf' in version `bold'
(Font)                  OT1/cmr/bx/n --> TU/mdbch/b/n on input line 138.
LaTeX Font Info:    Overwriting math alphabet `\mathit' in version `bold'
(Font)                  OT1/cmr/bx/it --> TU/mdbch/b/it on input line 139.
LaTeX Font Info:    Overwriting math alphabet `\mathsf' in version `bold'
(Font)                  OT1/cmss/bx/n --> TU/lmss/b/n on input line 140.
LaTeX Font Info:    Overwriting math alphabet `\mathtt' in version `bold'
(Font)                  OT1/cmtt/m/n --> TU/lmtt/b/n on input line 141.
\symlettersupright=\mathgroup6
LaTeX Font Info:    Overwriting symbol font `lettersupright' in version `bold'
(Font)                  OML/mdbch/m/n --> OML/mdbch/b/n on input line 144.
LaTeX Font Info:    Redeclaring math alphabet \mathrm on input line 145.
LaTeX Font Info:    Overwriting math alphabet `\mathcal' in version `normal'
(Font)                  OMS/mdbch/m/n --> OMS/mdbch/m/n on input line 167.

(/usr/share/texmf-dist/tex/latex/xkeyval/xkeyval.sty
Package: xkeyval 2014/12/03 v2.7a package option processing (HA)

(/usr/share/texmf-dist/tex/generic/xkeyval/xkeyval.tex
(/usr/share/texmf-dist/tex/generic/xkeyval/xkvutils.tex
\XKV@toks=\toks17
\XKV@tempa@toks=\toks18
)
\XKV@depth=\count187
File: xkeyval.tex 2014/12/03 v2.7a key=value parser (HA)
))
LaTeX Font Info:    Trying to load font information for TU+mdbch on input line 1
86.
LaTeX Font Info:    No file TUmdbch.fd. on input line 186.


LaTeX Font Warning: Font shape `TU/mdbch/m/n' undefined
(Font)              using `TU/lmr/m/n' instead on input line 186.

LaTeX Font Info:    Redeclaring math accent \widetilde on input line 449.
LaTeX Font Info:    Redeclaring math accent \widehat on input line 450.
\symmathdesignA=\mathgroup7
LaTeX Font Info:    Overwriting symbol font `mathdesignA' in version `bold'
(Font)                  MDA/mdbch/m/n --> MDA/mdbch/b/n on input line 491.
\symmathdesignB=\mathgroup8
LaTeX Font Info:    Overwriting symbol font `mathdesignB' in version `bold'
(Font)                  MDB/mdbch/m/n --> MDB/mdbch/b/n on input line 498.
\@emptytoks=\toks19
LaTeX Font Info:    Redeclaring math accent \widetilde on input line 532.
LaTeX Font Info:    Redeclaring math accent \widehat on input line 533.
\rulethickness=\skip49
) (/usr/share/texmf-dist/tex/latex/base/fontenc.sty
Package: fontenc 2018/08/11 v2.0j Standard LaTeX package

(/usr/share/texmf-dist/tex/latex/base/t1enc.def
File: t1enc.def 2018/08/11 v2.0j Standard LaTeX file
LaTeX Font Info:    Redeclaring font encoding T1 on input line 48.
)
LaTeX Font Info:    Trying to load font information for T1+mdbch on input line 1
05.

(/usr/share/texmf-dist/tex/latex/mathdesign/mdbch/t1mdbch.fd
File: t1mdbch.fd 2013/08/29 Fontinst v1.933 font definitions for T1/mdbch.
)
LaTeX Font Info:    Font shape `T1/mdbch/m/n' will be
(Font)              scaled to size 10.51207pt on input line 105.
))
(/usr/share/texmf-dist/tex/latex/base/fontenc.sty
Package: fontenc 2018/08/11 v2.0j Standard LaTeX package

(/usr/share/texmf-dist/tex/latex/base/t1enc.def
File: t1enc.def 2018/08/11 v2.0j Standard LaTeX file
LaTeX Font Info:    Redeclaring font encoding T1 on input line 48.
))
(/usr/share/texmf-dist/tex/latex/bbding/bbding.sty
Package: bbding 1999/04/15 v1.01 Dingbats symbols
)
(/usr/share/texmf-dist/tex/latex/ragged2e/ragged2e.sty
Package: ragged2e 2019/07/28 v2.2 ragged2e Package (MS)

(/usr/share/texmf-dist/tex/latex/ms/everysel.sty
Package: everysel 2011/10/28 v1.2 EverySelectfont Package (MS)
)
(/usr/share/texmf-dist/tex/latex/footmisc/footmisc.sty
Package: footmisc 2011/06/06 v5.5b a miscellany of footnote facilities
\FN@temptoken=\toks20
\footnotemargin=\dimen138
\c@pp@next@reset=\count188
Package footmisc Info: Declaring symbol style bringhurst on input line 855.
Package footmisc Info: Declaring symbol style chicago on input line 863.
Package footmisc Info: Declaring symbol style wiley on input line 872.
Package footmisc Info: Declaring symbol style lamport-robust on input line 883.
Package footmisc Info: Declaring symbol style lamport* on input line 903.
Package footmisc Info: Declaring symbol style lamport*-robust on input line 924.

)
\CenteringLeftskip=\skip50
\RaggedLeftLeftskip=\skip51
\RaggedRightLeftskip=\skip52
\CenteringRightskip=\skip53
\RaggedLeftRightskip=\skip54
\RaggedRightRightskip=\skip55
\CenteringParfillskip=\skip56
\RaggedLeftParfillskip=\skip57
\RaggedRightParfillskip=\skip58
\JustifyingParfillskip=\skip59
\CenteringParindent=\skip60
\RaggedLeftParindent=\skip61
\RaggedRightParindent=\skip62
\JustifyingParindent=\skip63
)
(/usr/share/texmf-dist/tex/latex/parskip/parskip.sty
Package: parskip 2019-01-16 v2.0c non-zero parskip adjustments

(/usr/share/texmf-dist/tex/latex/oberdiek/kvoptions.sty
Package: kvoptions 2016/05/16 v3.12 Key value format for package options (HO)

(/usr/share/texmf-dist/tex/generic/oberdiek/ltxcmds.sty
Package: ltxcmds 2016/05/16 v1.23 LaTeX kernel commands for general use (HO)
)
(/usr/share/texmf-dist/tex/generic/oberdiek/kvsetkeys.sty
Package: kvsetkeys 2016/05/16 v1.17 Key value parser (HO)

(/usr/share/texmf-dist/tex/generic/oberdiek/infwarerr.sty
Package: infwarerr 2016/05/16 v1.4 Providing info/warning/error messages (HO)
)
(/usr/share/texmf-dist/tex/generic/oberdiek/etexcmds.sty
Package: etexcmds 2016/05/16 v1.6 Avoid name clashes with e-TeX commands (HO)

(/usr/share/texmf-dist/tex/generic/oberdiek/ifluatex.sty
Package: ifluatex 2016/05/16 v1.4 Provides the ifluatex switch (HO)
Package ifluatex Info: LuaTeX detected.
))))
(/usr/share/texmf-dist/tex/latex/etoolbox/etoolbox.sty
Package: etoolbox 2019/09/21 v2.5h e-TeX tools for LaTeX (JAW)
\etb@tempcnta=\count189
))
(/usr/share/texmf-dist/tex/latex/enumitem/enumitem.sty
Package: enumitem 2019/06/20 v3.9 Customized lists
\labelindent=\skip64
\enit@outerparindent=\dimen139
\enit@toks=\toks21
\enit@inbox=\box46
\enit@count@id=\count190
\enitdp@description=\count191
)
(/usr/share/texmf/tex/lualatex/gregoriotex/gregoriotex.sty
Package: gregoriotex 2019/04/06 v5.2.1 GregorioTeX system.

(/usr/share/texmf-dist/tex/latex/xcolor/xcolor.sty
Package: xcolor 2016/05/11 v2.12 LaTeX color extensions (UK)

(/usr/share/texmf-dist/tex/latex/graphics-cfg/color.cfg
File: color.cfg 2016/01/02 v1.6 sample color configuration
)
Package xcolor Info: Driver file: luatex.def on input line 225.

(/usr/share/texmf-dist/tex/latex/graphics-def/luatex.def
File: luatex.def 2018/01/08 v1.0l Graphics/color driver for luatex
)
Package xcolor Info: Model `cmy' substituted by `cmy0' on input line 1348.
Package xcolor Info: Model `hsb' substituted by `rgb' on input line 1352.
Package xcolor Info: Model `RGB' extended on input line 1364.
Package xcolor Info: Model `HTML' substituted by `rgb' on input line 1366.
Package xcolor Info: Model `Hsb' substituted by `hsb' on input line 1367.
Package xcolor Info: Model `tHsb' substituted by `hsb' on input line 1368.
Package xcolor Info: Model `HSB' substituted by `hsb' on input line 1369.
Package xcolor Info: Model `Gray' substituted by `gray' on input line 1370.
Package xcolor Info: Model `wave' substituted by `hsb' on input line 1371.
)
(/usr/share/texmf-dist/tex/latex/graphics/graphicx.sty
Package: graphicx 2017/06/01 v1.1a Enhanced LaTeX Graphics (DPC,SPQR)

(/usr/share/texmf-dist/tex/latex/graphics/graphics.sty
Package: graphics 2019/10/08 v1.3c Standard LaTeX Graphics (DPC,SPQR)

(/usr/share/texmf-dist/tex/latex/graphics/trig.sty
Package: trig 2016/01/03 v1.10 sin cos tan (DPC)
)
(/usr/share/texmf-dist/tex/latex/graphics-cfg/graphics.cfg
File: graphics.cfg 2016/06/04 v1.11 sample graphics configuration
)
Package graphics Info: Driver file: luatex.def on input line 105.
)
\Gin@req@height=\dimen140
\Gin@req@width=\dimen141
)
(/usr/share/texmf-dist/tex/luatex/luatexbase/luatexbase.sty
Package: luatexbase 2015/10/04 v1.3 luatexbase interface to LuaTeX 

(/usr/share/texmf-dist/tex/luatex/ctablestack/ctablestack.sty
Package: ctablestack 2015/10/01 v1.0 Catcode table stable support
\@catcodetablestackcnt=\count192
)
\CatcodeTableOther=\catcodetable5
\CatcodeTableExpl=\catcodetable6
)
(/usr/share/texmf-dist/tex/luatex/luamplib/luamplib.sty
Package: luamplib 2019/10/11 v2.20.2 mplib package for LuaTeX
Lua module: luamplib 2019/10/11 2.20.2 Lua package to typeset Metapost with LuaT
eX's MPLib.
\mplibstartlineno=\count193
\mplibtmptoks=\toks22
\everymplibtoks=\toks23
\everyendmplibtoks=\toks24
\mplibscratchbox=\box47
)
(/usr/share/texmf-dist/tex/generic/xstring/xstring.sty
(/usr/share/texmf-dist/tex/generic/xstring/xstring.tex
\integerpart=\count194
\decimalpart=\count195
)
Package: xstring 2019/02/06 v1.83 String manipulations (CT)
)
(/usr/share/texmf/tex/luatex/gregoriotex/gregoriotex-main.tex
(/usr/share/texmf/tex/luatex/gregoriotex/gregoriotex-common.tex)
\gre@attr@dash=\attribute6
\gre@attr@center=\attribute7
\GreScoreId=\attribute8
\gre@attr@glyph@id=\attribute9
\gre@attr@glyph@top=\attribute10
\gre@attr@glyph@bottom=\attribute11
\gre@attr@syllable@id=\attribute12
\gre@atletter=\catcodetable7
Lua module: gregoriotex 2019/04/06 5.2.1 GregorioTeX module.
Custom whatsit marker = 1
Module gregoriotex Info: marker whatsit id is 1 on input line 131

(per-annum.gaux)
Module gregoriotex Info: Reading per-annum.gaux on input line 135
Inserting `gregoriotex.write_greaux' at position 1 in `finish_pdffile'.
\gre@gaux=\write3
\gre@read@temp=\read2
\gre@factor=\count196

(/usr/share/texmf/tex/luatex/gregoriotex/gregoriotex-spaces.tex
\gre@hyphenpenaltysave=\count197
\gre@exhyphenpenaltysave=\count198
\gre@doublehyphendemeritssave=\count199
\gre@finalhyphendemeritssave=\count266
\gre@brokenpenaltysave=\count267
\gre@loosenesssave=\count268
\gre@tolerancesave=\count269
\gre@pretolerancesave=\count270
\gre@emergencystretchsave=\skip65
\gre@widowpenaltysave=\count271
\gre@clubpenaltysave=\count272
\gre@saved@parskip=\skip66
\gre@saved@lineskip=\skip67
\gre@saved@baselineskip=\skip68
\gre@saved@lineskiplimit=\skip69
\gre@dimen@textlower=\dimen142
\gre@dimen@stafflinewidth=\dimen143
\gre@dimen@linewidth=\dimen144
\gre@dimen@stafflineheight=\dimen145
\gre@dimen@interstafflinespace=\dimen146
\gre@dimen@stafflinediff=\dimen147
\gre@dimen@constantglyphraise=\dimen148
\gre@dimen@staffheight=\dimen149
\gre@skip@syllablefinalskip=\skip70
\gre@skip@minTextDistance=\skip71
\gre@skip@minNotesDistance=\skip72
\gre@dimen@curTextDistance=\dimen150
\gre@dimen@curNotesDistance=\dimen151
\gre@skip@minShiftText=\skip73
\gre@skip@minShiftNotes=\skip74
\gre@dimen@bolshift=\dimen152
\gre@dimen@bolextra=\dimen153
\gre@dimen@clefwidth@current=\dimen154
\gre@dimen@clefwidth@largest=\dimen155
\gre@dimen@clefwidth@bol=\dimen156
\gre@dimen@eolshift=\dimen157
\gre@dimen@glyphraisevalue=\dimen158
\gre@dimen@additionalbottomspace=\dimen159
\gre@dimen@additionaltopspace=\dimen160
\gre@dimen@additionaltopspacealt=\dimen161
\gre@dimen@additionaltopspacenabc=\dimen162
\gre@saved@dimen@additionalbottomspace=\dimen163
\gre@saved@dimen@additionaltopspace=\dimen164
\gre@saved@dimen@additionaltopspacealt=\dimen165
\gre@saved@dimen@additionaltopspacenabc=\dimen166
\gre@saved@dimen@currenttranslationheight=\dimen167
\gre@saved@dimen@textlower=\dimen168
\gre@saved@dimen@currentabovelinestextheight=\dimen169
\gre@saved@dimen@constantglyphraise=\dimen170
\gre@space@count@additionaltopspacethreshold=\count273
\gre@space@count@additionaltopspacealtthreshold=\count274
\gre@space@count@additionaltopspacenabcthreshold=\count275
\gre@space@count@noteadditionalspacelinestextthreshold=\count276
\gre@dimen@textaligncenter=\dimen171
\gre@dimen@enddifference=\dimen172
\gre@dimen@previousenddifference=\dimen173
\gre@dimen@currenttranslationheight=\dimen174
\gre@skip@nextbegindifference=\skip75
\gre@dimen@annotationtrueraise=\dimen175
\gre@dimen@commentarytrueraise=\dimen176
\gre@skip@bar@requirement=\skip76
\gre@skip@bar@allocation=\skip77
\gre@dimen@bar@shift=\dimen177
\gre@skip@text@requirement=\skip78
\gre@skip@text@allocation=\skip79
\gre@dimen@text@shift=\dimen178
\gre@dimen@adjustedpreviousenddifference=\dimen179
\gre@skip@adjustednextbegindifference=\dimen180
\gre@skip@punctummorashift=\skip80
\gre@skip@alterationshift=\skip81
\gre@dimen@begindifference=\dimen181
\gre@dimen@lastglyphwidth=\dimen182
\gre@dimen@notesaligncenter=\dimen183
\gre@dimen@additionalleftspace=\dimen184
\gre@dimen@initialwidth=\dimen185
\gre@dimen@currentabovelinestextheight=\dimen186
\gre@dimen@temp@one=\dimen187
\gre@dimen@temp@two=\dimen188
\gre@dimen@temp@three=\dimen189
\gre@dimen@temp@four=\dimen190
\gre@dimen@temp@five=\dimen191
\gre@skip@temp@one=\skip82
\gre@skip@temp@two=\skip83
\gre@skip@temp@three=\skip84
\gre@skip@temp@four=\skip85
\gre@count@temp@one=\count277
\gre@count@temp@two=\count278
\gre@count@temp@three=\count279
\gre@space@count@newlinepenalty=\count280
\gre@space@count@nobreakpenalty=\count281
\gre@space@count@endofwordpenalty=\count282
\gre@space@count@endofsyllablepenalty=\count283
\gre@space@count@endafterbarpenalty=\count284
\gre@space@count@endafterbaraltpenalty=\count285
\gre@space@count@finalpenalty=\count286
\gre@space@count@endofelementpenalty=\count287
\gre@space@count@hyphenpenalty=\count288
\gre@space@count@brokenpenalty=\count289
\gre@space@count@looseness=\count290
\gre@space@count@tolerance=\count291
\gre@space@count@pretolerance=\count292
\gre@space@count@widowpenalty=\count293
\gre@space@count@clubpenalty=\count294
\greconffactor=\count295
)
\gre@box@temp@width=\box48
\gre@box@initial=\box49
\gre@biginitial=\count296
\gre@knownline=\count297
\gre@box@annotation=\box50
\gre@box@add=\box51
\gre@box@old=\box52
\gre@count@annotationvalign=\count298
\gre@box@commentary=\box53
\gre@box@lines=\box54
Module gregoriotex Info: Registering variant font greciliae as gre@font@variant@
A. on input line 993
Module gregoriotex Info: Registering variant font greciliae-hollow as gre@font@v
ariant@B. on input line 993
Module gregoriotex Info: Registering variant font greciliae-hole as gre@font@var
iant@C. on input line 993
luaotfload | cache : Lookup cache loaded from /home/scott/.texlive/texmf-var/lua
tex-cache/generic/names/luaotfload-lookup-cache.luc.
Module gregoriotex Info: Mapping font greciliae on input line 998
Module gregoriotex Info: Mapping font greciliae-hollow on input line 998
Module gregoriotex Info: Mapping font greciliae-hole on input line 998

(/usr/share/texmf/tex/luatex/gregoriotex/gregoriotex-chars.tex
\gre@box@hep=\box55
)
(/usr/share/texmf/tex/luatex/gregoriotex/gregoriotex-signs.tex
\gre@box@temp@clef=\box56
\gre@box@temp@cleftwo=\box57
\greslurheight=\dimen192
\gre@box@temp@sign=\box58
\gre@count@shiftaftermora=\count299
\gre@dimen@morawidth=\dimen193
\gre@skip@bar@lastskip=\skip86
\gre@count@lastglyphiscavum=\count300
)
(/usr/share/texmf/tex/luatex/gregoriotex/gregoriotex-syllable.tex
\gre@generate@pointandclick=\count301
\gre@box@syllablenotes=\box59
\gre@box@syllabletext=\box60
\gre@clivisalignment=\count302
\gre@count@unbreakabletotalnotes=\count303
\gre@count@unbreakableinitialnotes=\count304
\gre@count@unbreakablefinalnotes=\count305
\gre@count@syllablenotes=\count306
)
\gre@variableheightexpansion=\count307
\gre@lastoflinecount=\count308
\gre@nobreakpenaltysave=\count309
\gre@endofwordpenaltysave=\count310
\gre@endofsyllablepenaltysave=\count311
\gre@endafterbarpenaltysave=\count312
\gre@endafterbaraltpenaltysave=\count313
\gre@endofelementpenaltysave=\count314
\gre@lasteuouaeindex=\count315

(/usr/share/texmf/tex/luatex/gregoriotex/gregoriotex-symbols.tex
Module gregoriotex Info: Registering variant font greextra as gre@font@variant@D
. on input line 53
)
(/usr/share/texmf/tex/luatex/gregoriotex/gsp-default.tex)
(/usr/share/texmf/tex/luatex/gregoriotex/gregoriotex-nabc.tex)))
(./per-annum.aux)
\openout1 = per-annum.aux

LaTeX Font Info:    Checking defaults for OML/cmm/m/it on input line 14.
LaTeX Font Info:    ... okay on input line 14.
LaTeX Font Info:    Checking defaults for T1/cmr/m/n on input line 14.
LaTeX Font Info:    ... okay on input line 14.
LaTeX Font Info:    Checking defaults for OT1/cmr/m/n on input line 14.
LaTeX Font Info:    ... okay on input line 14.
LaTeX Font Info:    Checking defaults for OMS/cmsy/m/n on input line 14.
LaTeX Font Info:    ... okay on input line 14.
LaTeX Font Info:    Checking defaults for TU/lmr/m/n on input line 14.
LaTeX Font Info:    ... okay on input line 14.
LaTeX Font Info:    Checking defaults for OMX/cmex/m/n on input line 14.
LaTeX Font Info:    ... okay on input line 14.
LaTeX Font Info:    Checking defaults for U/cmr/m/n on input line 14.
LaTeX Font Info:    ... okay on input line 14.
LaTeX Font Info:    Checking defaults for MDA/cmr/m/n on input line 14.
LaTeX Font Info:    Trying to load font information for MDA+cmr on input line 14
.
 (/usr/share/texmf-dist/tex/latex/mathdesign/mdacmr.fd
File: mdacmr.fd 
)
LaTeX Font Info:    ... okay on input line 14.
LaTeX Font Info:    Checking defaults for MDB/cmr/m/n on input line 14.
LaTeX Font Info:    Trying to load font information for MDB+cmr on input line 14
.

(/usr/share/texmf-dist/tex/latex/mathdesign/mdbcmr.fd
File: mdbcmr.fd 
)
LaTeX Font Info:    ... okay on input line 14.
Package ragged2e Info: ABD: executing \RaggedRight on input line 14.

ABD: EverySelectfont initializing macros
LaTeX Info: Redefining \selectfont on input line 14.

(/usr/share/texmf-dist/tex/context/base/mkii/supp-pdf.mkii
[Loading MPS to PDF converter (version 2006.09.02).]
\scratchcounter=\count316
\scratchdimen=\dimen194
\scratchbox=\box61
\nofMPsegments=\count317
\nofMParguments=\count318
\everyMPshowfont=\toks25
\MPscratchCnt=\count319
\MPscratchDim=\dimen195
\MPnumerator=\count320
\makeMPintoPDFobject=\count321
\everyMPtoPDFconversion=\toks26
) (/usr/share/texmf-dist/tex/latex/oberdiek/epstopdf-base.sty
Package: epstopdf-base 2016/05/15 v2.6 Base part for package epstopdf

(/usr/share/texmf-dist/tex/latex/oberdiek/grfext.sty
Package: grfext 2016/05/16 v1.2 Manage graphics extensions (HO)

(/usr/share/texmf-dist/tex/generic/oberdiek/kvdefinekeys.sty
Package: kvdefinekeys 2016/05/16 v1.4 Define keys (HO)
))
(/usr/share/texmf-dist/tex/generic/oberdiek/pdftexcmds.sty
Package: pdftexcmds 2019/07/25 v0.30 Utility functions of pdfTeX for LuaTeX (HO)


(/usr/share/texmf-dist/tex/generic/oberdiek/ifpdf.sty
Package: ifpdf 2018/09/07 v3.3 Provides the ifpdf switch
)
Package pdftexcmds Info: \pdf@primitive is available.
Package pdftexcmds Info: \pdf@ifprimitive is available.
Package pdftexcmds Info: \pdfdraftmode found.
\pdftexcmds@toks=\toks27
)
Package epstopdf-base Info: Redefining graphics rule for `.eps' on input line 43
8.
Package grfext Info: Graphics extension search list:
(grfext)             [.pdf,.png,.jpg,.mps,.jpeg,.jbig2,.jb2,.PDF,.PNG,.JPG,.JPEG
,.JBIG2,.JB2,.eps]
(grfext)             \AppendGraphicsExtensions on input line 456.

(/usr/share/texmf-dist/tex/latex/latexconfig/epstopdf-sys.cfg
File: epstopdf-sys.cfg 2010/07/13 v1.3 Configuration of (r)epstopdf for TeX Live

))
LaTeX Font Info:    Font shape `T1/mdbch/m/it' will be
(Font)              scaled to size 10.51207pt on input line 16.
Module gregoriotex Info: deus-in-adjutorium.gabc has been modified and deus-in-a
djutorium-5_2_1.gtex needs to be updated. Recompiling the gabc file. on input li
ne 18
Module gregoriotex Info: compiling the score deus-in-adjutorium.gabc... on input
 line 18
Module gregoriotex Info: will use gregorio-5_2_1 on input line 18

(./deus-in-adjutorium-5_2_1.gtex
Inserting `gregoriotex.post_linebreak' at position 1 in `post_linebreak_filter'.
Inserting `gregoriotex.disable_hyphenation' at position 1 in `hyphenate'.
LaTeX Font Info:    Font shape `T1/mdbch/m/n' will be
(Font)              scaled to size 8.64006pt on input line 17.
LaTeX Font Info:    Font shape `T1/mdbch/m/it' will be
(Font)              scaled to size 8.64006pt on input line 17.
LaTeX Font Info:    Font shape `T1/mdbch/m/n' will be
(Font)              scaled to size 38.40027pt on input line 17.
LaTeX Font Info:    Trying to load font information for U+ding on input line 35.


(/usr/share/texmf-dist/tex/latex/bbding/Uding.fd
File: Uding.fd 1996/02/01 v1.0 BBding font definitions
)
Removing  `gregoriotex.post_linebreak' from `post_linebreak_filter'.
Removing  `gregoriotex.disable_hyphenation' from `hyphenate'.)
(./laus-tibi-domine-5_2_1.gtex
Inserting `gregoriotex.post_linebreak' at position 1 in `post_linebreak_filter'.
Inserting `gregoriotex.disable_hyphenation' at position 1 in `hyphenate'.
Removing  `gregoriotex.post_linebreak' from `post_linebreak_filter'.
Removing  `gregoriotex.disable_hyphenation' from `hyphenate'.) [1

{/var/lib/texmf/fonts/map/pdftex/updmap/pdftex.map}] (./ant1-5_2_1.gtex
Inserting `gregoriotex.post_linebreak' at position 1 in `post_linebreak_filter'.
Inserting `gregoriotex.disable_hyphenation' at position 1 in `hyphenate'.
Removing  `gregoriotex.post_linebreak' from `post_linebreak_filter'.
Removing  `gregoriotex.disable_hyphenation' from `hyphenate'.) (./psalm1-5_2_1.
gtex
Inserting `gregoriotex.post_linebreak' at position 1 in `post_linebreak_filter'.
Inserting `gregoriotex.disable_hyphenation' at position 1 in `hyphenate'.
LaTeX Font Info:    Font shape `T1/mdbch/b/n' will be
(Font)              scaled to size 10.51207pt on input line 56.
Removing  `gregoriotex.post_linebreak' from `post_linebreak_filter'.
Removing  `gregoriotex.disable_hyphenation' from `hyphenate'.) [2] (./ant2-5_2_
1.gtex
Inserting `gregoriotex.post_linebreak' at position 1 in `post_linebreak_filter'.
Inserting `gregoriotex.disable_hyphenation' at position 1 in `hyphenate'.
Removing  `gregoriotex.post_linebreak' from `post_linebreak_filter'.
Removing  `gregoriotex.disable_hyphenation' from `hyphenate'.)
(./psalm2-5_2_1.gtex
Inserting `gregoriotex.post_linebreak' at position 1 in `post_linebreak_filter'.
Inserting `gregoriotex.disable_hyphenation' at position 1 in `hyphenate'.
Removing  `gregoriotex.post_linebreak' from `post_linebreak_filter'.
Removing  `gregoriotex.disable_hyphenation' from `hyphenate'.)
Overfull \hbox (1.72131pt too wide) in paragraph at lines 69--70
[]\T1/mdbch/m/n/10.95 Quis si-cut Dómi-nus, Deus nos-ter, qui in \T1/mdbch/m/i
t/10.95 altis \T1/mdbch/b/n/10.95 há\T1/mdbch/m/n/10.95 bitat, * et humília r
éspicit 
 []

[3] (./ant3-5_2_1.gtex
Inserting `gregoriotex.post_linebreak' at position 1 in `post_linebreak_filter'.
Inserting `gregoriotex.disable_hyphenation' at position 1 in `hyphenate'.
Removing  `gregoriotex.post_linebreak' from `post_linebreak_filter'.
Removing  `gregoriotex.disable_hyphenation' from `hyphenate'.) (./psalm3-5_2_1.
gtex
Inserting `gregoriotex.post_linebreak' at position 1 in `post_linebreak_filter'.
Inserting `gregoriotex.disable_hyphenation' at position 1 in `hyphenate'.
Removing  `gregoriotex.post_linebreak' from `post_linebreak_filter'.
Removing  `gregoriotex.disable_hyphenation' from `hyphenate'.)
Overfull \hbox (2.9618pt too wide) in paragraph at lines 94--95
[]\T1/mdbch/m/n/10.95 Jerúsalem, quæ æd-ifi\T1/mdbch/b/n/10.95 cá\T1/mdbch/
m/n/10.95 tur ut \T1/mdbch/b/n/10.95 cívi\T1/mdbch/m/n/10.95 tas: * cu-jus par
-ticipá-tio ejus in \T1/mdbch/m/it/10.95 id\T1/mdbch/b/n/10.95 íp\T1/mdbch/m/
n/10.95 sum.  
 []

[4] (./ant4-5_2_1.gtex
Inserting `gregoriotex.post_linebreak' at position 1 in `post_linebreak_filter'.
Inserting `gregoriotex.disable_hyphenation' at position 1 in `hyphenate'.
Removing  `gregoriotex.post_linebreak' from `post_linebreak_filter'.
Removing  `gregoriotex.disable_hyphenation' from `hyphenate'.) (./psalm4-5_2_1.
gtex
Inserting `gregoriotex.post_linebreak' at position 1 in `post_linebreak_filter'.
Inserting `gregoriotex.disable_hyphenation' at position 1 in `hyphenate'.
Removing  `gregoriotex.post_linebreak' from `post_linebreak_filter'.
Removing  `gregoriotex.disable_hyphenation' from `hyphenate'.)
Overfull \hbox (1.6443pt too wide) in paragraph at lines 136--137
[]\T1/mdbch/m/n/10.95 Si-cut erat in princí-pio, et nunc, et \T1/mdbch/b/n/10.
95 sem\T1/mdbch/m/n/10.95 per, * et in s[]æcula sæcu\T1/mdbch/m/it/10.95 lór
um\T1/mdbch/m/n/10.95 . \T1/mdbch/b/n/10.95 A\T1/mdbch/m/n/10.95 men.  
 []

[5] (./ant5-5_2_1.gtex
Inserting `gregoriotex.post_linebreak' at position 1 in `post_linebreak_filter'.
Inserting `gregoriotex.disable_hyphenation' at position 1 in `hyphenate'.
Removing  `gregoriotex.post_linebreak' from `post_linebreak_filter'.
Removing  `gregoriotex.disable_hyphenation' from `hyphenate'.) (./psalm5-5_2_1.
gtex
Inserting `gregoriotex.post_linebreak' at position 1 in `post_linebreak_filter'.
Inserting `gregoriotex.disable_hyphenation' at position 1 in `hyphenate'.
Removing  `gregoriotex.post_linebreak' from `post_linebreak_filter'.
Removing  `gregoriotex.disable_hyphenation' from `hyphenate'.) [6]
Overfull \hbox (8.39136pt too wide) in paragraph at lines 173--176
[]\T1/mdbch/m/it/10.95 Capit. (Sir-ach 24:14) \T1/mdbch/m/n/10.95 Ab in-í-tio 
et ante s[]æcula creáta sum, \gre@font@variant@D  \T1/mdbch/m/n/10.95 et u
sque ad futúrum 
 []

(./ave-maris-stella-5_2_1.gtex
Inserting `gregoriotex.post_linebreak' at position 1 in `post_linebreak_filter'.
Inserting `gregoriotex.disable_hyphenation' at position 1 in `hyphenate'.
LaTeX Font Info:    Font shape `T1/mdbch/m/fsc' will be
(Font)              scaled to size 10.51207pt on input line 12.
LaTeX Font Info:    Font shape `T1/mdbch/b/fsc' will be
(Font)              scaled to size 10.51207pt on input line 12.
LaTeX Font Info:    Font shape `T1/mdbch/b/it' will be
(Font)              scaled to size 10.51207pt on input line 12.
Removing  `gregoriotex.post_linebreak' from `post_linebreak_filter'.
Removing  `gregoriotex.disable_hyphenation' from `hyphenate'.)
Overfull \hbox (3.79224pt too wide) in paragraph at lines 183--184
[]\T1/mdbch/m/n/10.95 Sumens il-lud Ave, Gabrielis ore, funda nos in pace, mu-t
ans Hevæ nomen.  
 []

(./vers-diffusa-est-5_2_1.gtex
Inserting `gregoriotex.post_linebreak' at position 1 in `post_linebreak_filter'.
Inserting `gregoriotex.disable_hyphenation' at position 1 in `hyphenate'.
Removing  `gregoriotex.post_linebreak' from `post_linebreak_filter'.
Removing  `gregoriotex.disable_hyphenation' from `hyphenate'.) (./vers-proptere
a-benedixit-5_2_1.gtex
Inserting `gregoriotex.post_linebreak' at position 1 in `post_linebreak_filter'.
Inserting `gregoriotex.disable_hyphenation' at position 1 in `hyphenate'.
Removing  `gregoriotex.post_linebreak' from `post_linebreak_filter'.
Removing  `gregoriotex.disable_hyphenation' from `hyphenate'.)
[7] (./antmagn-5_2_1.gtex
Inserting `gregoriotex.post_linebreak' at position 1 in `post_linebreak_filter'.
Inserting `gregoriotex.disable_hyphenation' at position 1 in `hyphenate'.
Removing  `gregoriotex.post_linebreak' from `post_linebreak_filter'.
Removing  `gregoriotex.disable_hyphenation' from `hyphenate'.) (./magnificat-5_
2_1.gtex
Inserting `gregoriotex.post_linebreak' at position 1 in `post_linebreak_filter'.
Inserting `gregoriotex.disable_hyphenation' at position 1 in `hyphenate'.
Removing  `gregoriotex.post_linebreak' from `post_linebreak_filter'.
Removing  `gregoriotex.disable_hyphenation' from `hyphenate'.) [8]
Underfull \hbox (badness 10000) in paragraph at lines 234--237
[][][]\T1/mdbch/m/n/10.95 V. Dómi-nus vobís-cum. 
 []


Underfull \hbox (badness 10000) in paragraph at lines 240--243
[][][]\T1/mdbch/m/n/10.95 V. Dómine, exáudi oratiónem meam. 
 []


Underfull \hbox (badness 10000) in paragraph at lines 245--248
[]\T1/mdbch/m/n/10.95 Oré-mus. 
 []


Underfull \hbox (badness 10000) in paragraph at lines 251--256
[][][]\T1/mdbch/m/n/10.95 R. Amen. 
 []


Underfull \hbox (badness 10000) in paragraph at lines 251--256
[][]\T1/mdbch/m/n/10.95 V. Dómi-nus vobís-cum. 
 []


Underfull \hbox (badness 10000) in paragraph at lines 259--262
[][][]\T1/mdbch/m/n/10.95 V. Dómine, exáudi oratiónem meam. 
 []

(./benedicamus-domino-5_2_1.gtex
Inserting `gregoriotex.post_linebreak' at position 1 in `post_linebreak_filter'.
Inserting `gregoriotex.disable_hyphenation' at position 1 in `hyphenate'.
Removing  `gregoriotex.post_linebreak' from `post_linebreak_filter'.
Removing  `gregoriotex.disable_hyphenation' from `hyphenate'.) (./deo-gratias-5
_2_1.gtex
Inserting `gregoriotex.post_linebreak' at position 1 in `post_linebreak_filter'.
Inserting `gregoriotex.disable_hyphenation' at position 1 in `hyphenate'.
Removing  `gregoriotex.post_linebreak' from `post_linebreak_filter'.
Removing  `gregoriotex.disable_hyphenation' from `hyphenate'.)
Underfull \hbox (badness 3872) in paragraph at lines 268--271
[][][]\T1/mdbch/m/n/10.95 V. Fidélium án-imæ, per mis-er-icór-diam Dei, re-
quiés-cant in pace. 
 []

[9] (./psalm1-compl-5_2_1.gtex
Inserting `gregoriotex.post_linebreak' at position 1 in `post_linebreak_filter'.
Inserting `gregoriotex.disable_hyphenation' at position 1 in `hyphenate'.
Removing  `gregoriotex.post_linebreak' from `post_linebreak_filter'.
Removing  `gregoriotex.disable_hyphenation' from `hyphenate'.)
Overfull \hbox (19.78119pt too wide) in paragraph at lines 290--291
[]\T1/mdbch/m/n/10.95 De quo non im-plévit manum suam \T1/mdbch/m/it/10.95 qui
 \T1/mdbch/b/n/10.95 me\T1/mdbch/m/n/10.95 tit: * et sinum suum qui maní\T1/md
bch/m/it/10.95 pulos 
 []


Overfull \hbox (6.13643pt too wide) in paragraph at lines 292--293
[]\T1/mdbch/m/n/10.95 Et non dixérunt qui præteríbant: Benedíc-tio Dómi\T1
/mdbch/m/it/10.95 ni \T1/mdbch/b/n/10.95 su\T1/mdbch/m/n/10.95 per vos: * bened
íx- 
 []

[10] (./memento-salutis-auctor-5_2_1.gtex
Inserting `gregoriotex.post_linebreak' at position 1 in `post_linebreak_filter'.
Inserting `gregoriotex.disable_hyphenation' at position 1 in `hyphenate'.
Overfull \hbox (8.45567pt too wide) detected at line 183
|
 []


Overfull \hbox (8.45567pt too wide) detected at line 451
|
 []


Overfull \hbox (8.45567pt too wide) detected at line 726
|
 []

Removing  `gregoriotex.post_linebreak' from `post_linebreak_filter'.
Removing  `gregoriotex.disable_hyphenation' from `hyphenate'.) [11] (./ave-mari
a-rbr-5_2_1.gtex
Inserting `gregoriotex.post_linebreak' at position 1 in `post_linebreak_filter'.
Inserting `gregoriotex.disable_hyphenation' at position 1 in `hyphenate'.
Removing  `gregoriotex.post_linebreak' from `post_linebreak_filter'.
Removing  `gregoriotex.disable_hyphenation' from `hyphenate'.) [12] (./ant-nunc
-dimittis-5_2_1.gtex
Inserting `gregoriotex.post_linebreak' at position 1 in `post_linebreak_filter'.
Inserting `gregoriotex.disable_hyphenation' at position 1 in `hyphenate'.
Removing  `gregoriotex.post_linebreak' from `post_linebreak_filter'.
Removing  `gregoriotex.disable_hyphenation' from `hyphenate'.)
(./nunc-dimittis-5_2_1.gtex
Inserting `gregoriotex.post_linebreak' at position 1 in `post_linebreak_filter'.
Inserting `gregoriotex.disable_hyphenation' at position 1 in `hyphenate'.
Removing  `gregoriotex.post_linebreak' from `post_linebreak_filter'.
Removing  `gregoriotex.disable_hyphenation' from `hyphenate'.) [13] (./per-annu
m.aux)

LaTeX Font Warning: Some font shapes were not available, defaults substituted.

)

Here is how much of LuaTeX's memory you used:
 34613 strings out of 493864
 100000,662416 words of node,token memory allocated
 1280 words of node memory still in use:
   17 hlist, 3 vlist, 9 rule, 1 local_par, 10 glue, 15 kern, 7 penalty, 8 glyph,
 115 attribute, 88 glue_spec, 24 attribute_list, 1 write, 1 user_defined nodes
   avail lists: 2:9393,3:1051,4:81,5:1566,6:116,7:1761,9:1858,10:69,11:49
 38650 multiletter control sequences out of 65536+600000
 60 fonts using 10452727 bytes
 52i,5n,71p,816b,429s stack positions out of 5000i,500n,10000p,200000b,100000s
Module gregoriotex Info: Writing per-annum.gaux on input line 0
Module gregoriotex Warning: Line heights or variable brace lengths may have chan
ged. Rerun to fix. on input line 0
</usr/share/texmf/fonts/truetype/public/gregoriotex/greciliae-hollow.ttf></usr/s
hare/texmf/fonts/truetype/public/gregoriotex/greciliae-hole.ttf>{/usr/share/texm
f-dist/fonts/enc/dvips/ly1/texnansi.enc}</usr/share/texmf/fonts/truetype/public/
gregoriotex/greextra.ttf></usr/share/texmf/fonts/truetype/public/gregoriotex/gre
ciliae.ttf></usr/share/texmf-dist/fonts/type1/public/niceframe-type1/bbding10.pf
b></usr/share/texmf-dist/fonts/type1/bitstrea/charter/bchb8a.pfb></usr/share/tex
mf-dist/fonts/type1/bitstrea/charter/bchr8a.pfb></usr/share/texmf-dist/fonts/typ
e1/bitstrea/charter/bchri8a.pfb>
Output written on per-annum.pdf (13 pages, 100811 bytes).

PDF statistics: 91 PDF objects out of 1000 (max. 8388607)
 59 compressed objects within 1 object stream
 0 named destinations out of 1000 (max. 131072)
 1 words of extra memory for PDF output out of 10000 (max. 100000000)

